# Possible reasons:
#   The system is out of physical RAM or swap space
#   The process is running with CompressedOops enabled, and the Java Heap may be blocking the growth of the native heap
# Possible solutions:
#   Reduce memory load on the system
#   Increase physical memory or swap space
#   Check if swap backing store is full
#   Decrease Java heap size (-Xmx/-Xms)
#   Decrease number of Java threads
#   Decrease Java thread stack sizes (-Xss)
#   Set larger code cache with -XX:ReservedCodeCacheSize=
# This output file may be truncated or incomplete.
#
#  Out of Memory Error (./open/src/hotspot/share/memory/allocation.cpp:46), pid=29440, tid=35112
#
# JRE version: Java(TM) SE Runtime Environment 18.9 (11.0.12+8) (build 11.0.12+8-LTS-237)
# Java VM: Java HotSpot(TM) 64-Bit Server VM 18.9 (11.0.12+8-LTS-237, mixed mode, tiered, compressed oops, g1 gc, windows-amd64)
# No core dump will be written. Minidumps are not enabled by default on client versions of Windows
#

---------------  S U M M A R Y ------------

Command Line: -agentlib:jdwp=transport=dt_socket,address=127.0.0.1:64318,suspend=y,server=n -javaagent:C:\Users\david\AppData\Local\JetBrains\IdeaIE2021.2\captureAgent\debugger-agent.jar -Dfile.encoding=UTF-8 com.marcos.cuadros.CuadrosApplication

Host: AMD Ryzen 7 5800H with Radeon Graphics         , 16 cores, 5G,  Windows 10 , 64 bit Build 19041 (10.0.19041.2251)
Time: Wed Dec  7 12:15:12 2022 SA Pacific Standard Time elapsed time: 4.666344 seconds (0d 0h 0m 4s)

---------------  T H R E A D  ---------------

Current thread (0x000001ebd5357000):  VMThread "VM Thread" [stack: 0x000000e38cd00000,0x000000e38ce00000] [id=35112]

Stack: [0x000000e38cd00000,0x000000e38ce00000]
[error occurred during error reporting (printing stack bounds), id 0xc0000005, EXCEPTION_ACCESS_VIOLATION (0xc0000005) at pc=0x000001ebbf3a0f2d]

Native frames: (J=compiled Java code, j=interpreted, Vv=VM code, C=native code)
V  [jvm.dll+0x617d9a]
V  [jvm.dll+0x74eeef]
V  [jvm.dll+0x750599]
V  [jvm.dll+0x750b85]
V  [jvm.dll+0x750b3b]
V  [jvm.dll+0x6175d3]
V  [jvm.dll+0x617998]
C  [ntdll.dll+0xa241f]
C  [ntdll.dll+0x514a4]
C  [ntdll.dll+0xa0f4e]
C  0x000001ebbf3a0f2d

VM_Operation (0x000000e38c7faf10): CollectForMetadataAllocation, mode: safepoint, requested by thread 0x000001ebb6ee5000


---------------  P R O C E S S  ---------------

Threads class SMR info:
_java_thread_list=0x000001ebd71fbaf0, length=15, elements={
0x000001ebb6ee5000, 0x000001ebd537b800, 0x000001ebd5384800, 0x000001ebd5d02800,
0x000001ebd5399000, 0x000001ebd5399800, 0x000001ebd539f800, 0x000001ebd53ac000,
0x000001ebd53b1000, 0x000001ebd5314000, 0x000001ebd5f4f800, 0x000001ebd60fa800,
0x000001ebd5f95800, 0x000001ebd6569800, 0x000001ebd71d1800
}

Java Threads: ( => current thread )
  0x000001ebb6ee5000 JavaThread "main" [_thread_blocked, id=33548, stack(0x000000e38c700000,0x000000e38c800000)]
  0x000001ebd537b800 JavaThread "Reference Handler" daemon [_thread_blocked, id=30656, stack(0x000000e38ce00000,0x000000e38cf00000)]
  0x000001ebd5384800 JavaThread "Finalizer" daemon [_thread_blocked, id=36952, stack(0x000000e38cf00000,0x000000e38d000000)]
  0x000001ebd5d02800 JavaThread "Signal Dispatcher" daemon [_thread_blocked, id=10856, stack(0x000000e38d000000,0x000000e38d100000)]
  0x000001ebd5399000 JavaThread "Attach Listener" daemon [_thread_blocked, id=31152, stack(0x000000e38d100000,0x000000e38d200000)]
  0x000001ebd5399800 JavaThread "Service Thread" daemon [_thread_blocked, id=36672, stack(0x000000e38d200000,0x000000e38d300000)]
  0x000001ebd539f800 JavaThread "C2 CompilerThread0" daemon [_thread_blocked, id=35272, stack(0x000000e38d300000,0x000000e38d400000)]
  0x000001ebd53ac000 JavaThread "C1 CompilerThread0" daemon [_thread_blocked, id=26752, stack(0x000000e38d400000,0x000000e38d500000)]
  0x000001ebd53b1000 JavaThread "Sweeper thread" daemon [_thread_blocked, id=34720, stack(0x000000e38d500000,0x000000e38d600000)]
  0x000001ebd5314000 JavaThread "Common-Cleaner" daemon [_thread_blocked, id=2656, stack(0x000000e38d600000,0x000000e38d700000)]
  0x000001ebd5f4f800 JavaThread "JDWP Transport Listener: dt_socket" daemon [_thread_blocked, id=9288, stack(0x000000e38d700000,0x000000e38d800000)]
  0x000001ebd60fa800 JavaThread "JDWP Event Helper Thread" daemon [_thread_blocked, id=33192, stack(0x000000e38d800000,0x000000e38d900000)]
  0x000001ebd5f95800 JavaThread "JDWP Command Reader" daemon [_thread_in_native, id=31808, stack(0x000000e38d900000,0x000000e38da00000)]
  0x000001ebd6569800 JavaThread "C1 CompilerThread1" daemon [_thread_blocked, id=28612, stack(0x000000e38db00000,0x000000e38dc00000)]
  0x000001ebd71d1800 JavaThread "C1 CompilerThread2" daemon [_thread_blocked, id=32840, stack(0x000000e38de00000,0x000000e38df00000)]

Other Threads:
=>0x000001ebd5357000 VMThread "VM Thread" [stack: 0x000000e38cd00000,0x000000e38ce00000] [id=35112]
  0x000001ebd6407000 WatcherThread [stack: 0x000000e38da00000,0x000000e38db00000] [id=10364]
  0x000001ebb6efb000 GCTaskThread "GC Thread#0" [stack: 0x000000e38c800000,0x000000e38c900000] [id=27280]
  0x000001ebd68a6000 GCTaskThread "GC Thread#1" [stack: 0x000000e38dc00000,0x000000e38dd00000] [id=14084]
  0x000001ebd748b000 GCTaskThread "GC Thread#2" [stack: 0x000000e38df00000,0x000000e38e000000] [id=31796]
  0x000001ebd7457000 GCTaskThread "GC Thread#3" [stack: 0x000000e38e000000,0x000000e38e100000] [id=9512]
  0x000001ebb6f22000 ConcurrentGCThread "G1 Main Marker" [stack: 0x000000e38c900000,0x000000e38ca00000] [id=20304]
  0x000001ebb6f23800 ConcurrentGCThread "G1 Conc#0" [stack: 0x000000e38ca00000,0x000000e38cb00000] [id=11932]
  0x000001ebd73f1000 ConcurrentGCThread "G1 Conc#1" [stack: 0x000000e38e100000,0x000000e38e200000] [id=892]
  0x000001ebd7201000 ConcurrentGCThread "G1 Conc#2" [stack: 0x000000e38e200000,0x000000e38e300000] [id=31044]
  0x000001ebb6faf000 ConcurrentGCThread "G1 Refine#0" [stack: 0x000000e38cb00000,0x000000e38cc00000] [id=28952]
  0x000001ebd51d0800 ConcurrentGCThread "G1 Young RemSet Sampling" [stack: 0x000000e38cc00000,0x000000e38cd00000] [id=28416]

Threads with active compile tasks:

VM state:at safepoint (normal execution)

VM Mutex/Monitor currently owned by a thread:  ([mutex/lock_event])
[0x000001ebb6ee20a0] Threads_lock - owner thread: 0x000001ebd5357000
[0x000001ebb6ee21c0] Heap_lock - owner thread: 0x000001ebb6ee5000

Heap address: 0x00000000a2400000, size: 1500 MB, Compressed Oops mode: 32-bit
Narrow klass base: 0x0000000000000000, Narrow klass shift: 3
Compressed class space size: 1073741824 Address: 0x0000000100000000

Heap:
 garbage-first heap   total 96256K, used 10224K [0x00000000a2400000, 0x0000000100000000)
  region size 1024K, 3 young (3072K), 3 survivors (3072K)
 Metaspace       used 24551K, capacity 25150K, committed 25264K, reserved 1079296K
  class space    used 2709K, capacity 2966K, committed 3072K, reserved 1048576K
Heap Regions: E=young(eden), S=young(survivor), O=old, HS=humongous(starts), HC=humongous(continues), CS=collection set, F=free, A=archive, TAMS=top-at-mark-start (previous, next)
|   0|0x00000000a2400000, 0x00000000a2500000, 0x00000000a2500000|100%|HS|  |TAMS 0x00000000a2500000, 0x00000000a2500000| Complete 
|   1|0x00000000a2500000, 0x00000000a2600000, 0x00000000a2600000|100%| O|  |TAMS 0x00000000a2600000, 0x00000000a2600000| Untracked 
|   2|0x00000000a2600000, 0x00000000a2700000, 0x00000000a2700000|100%| O|  |TAMS 0x00000000a2700000, 0x00000000a2700000| Untracked 
|   3|0x00000000a2700000, 0x00000000a2800000, 0x00000000a2800000|100%| O|  |TAMS 0x00000000a2800000, 0x00000000a2800000| Untracked 
|   4|0x00000000a2800000, 0x00000000a2900000, 0x00000000a2900000|100%| O|  |TAMS 0x00000000a2830e00, 0x00000000a2900000| Untracked 
|   5|0x00000000a2900000, 0x00000000a2a00000, 0x00000000a2a00000|100%| O|  |TAMS 0x00000000a2900000, 0x00000000a2a00000| Untracked 
|   6|0x00000000a2a00000, 0x00000000a2afc000, 0x00000000a2b00000| 98%| O|  |TAMS 0x00000000a2a00000, 0x00000000a2afc000| Untracked 
|   7|0x00000000a2b00000, 0x00000000a2b00000, 0x00000000a2c00000|  0%| F|  |TAMS 0x00000000a2b00000, 0x00000000a2b00000| Untracked 
|   8|0x00000000a2c00000, 0x00000000a2c00000, 0x00000000a2d00000|  0%| F|  |TAMS 0x00000000a2c00000, 0x00000000a2c00000| Untracked 
|   9|0x00000000a2d00000, 0x00000000a2d00000, 0x00000000a2e00000|  0%| F|  |TAMS 0x00000000a2d00000, 0x00000000a2d00000| Untracked 
|  10|0x00000000a2e00000, 0x00000000a2e00000, 0x00000000a2f00000|  0%| F|  |TAMS 0x00000000a2e00000, 0x00000000a2e00000| Untracked 
|  11|0x00000000a2f00000, 0x00000000a2f00000, 0x00000000a3000000|  0%| F|  |TAMS 0x00000000a2f00000, 0x00000000a2f00000| Untracked 
|  12|0x00000000a3000000, 0x00000000a3000000, 0x00000000a3100000|  0%| F|  |TAMS 0x00000000a3000000, 0x00000000a3000000| Untracked 
|  13|0x00000000a3100000, 0x00000000a3100000, 0x00000000a3200000|  0%| F|  |TAMS 0x00000000a3100000, 0x00000000a3100000| Untracked 
|  14|0x00000000a3200000, 0x00000000a3200000, 0x00000000a3300000|  0%| F|  |TAMS 0x00000000a3200000, 0x00000000a3200000| Untracked 
|  15|0x00000000a3300000, 0x00000000a3300000, 0x00000000a3400000|  0%| F|  |TAMS 0x00000000a3300000, 0x00000000a3300000| Untracked 
|  16|0x00000000a3400000, 0x00000000a3400000, 0x00000000a3500000|  0%| F|  |TAMS 0x00000000a3400000, 0x00000000a3400000| Untracked 
|  17|0x00000000a3500000, 0x00000000a3500000, 0x00000000a3600000|  0%| F|  |TAMS 0x00000000a3500000, 0x00000000a3500000| Untracked 
|  18|0x00000000a3600000, 0x00000000a3600000, 0x00000000a3700000|  0%| F|  |TAMS 0x00000000a3600000, 0x00000000a3600000| Untracked 
|  19|0x00000000a3700000, 0x00000000a3700000, 0x00000000a3800000|  0%| F|  |TAMS 0x00000000a3700000, 0x00000000a3700000| Untracked 
|  20|0x00000000a3800000, 0x00000000a3800000, 0x00000000a3900000|  0%| F|  |TAMS 0x00000000a3800000, 0x00000000a3800000| Untracked 
|  21|0x00000000a3900000, 0x00000000a3900000, 0x00000000a3a00000|  0%| F|  |TAMS 0x00000000a3900000, 0x00000000a3900000| Untracked 
|  22|0x00000000a3a00000, 0x00000000a3a00000, 0x00000000a3b00000|  0%| F|  |TAMS 0x00000000a3a00000, 0x00000000a3a00000| Untracked 
|  23|0x00000000a3b00000, 0x00000000a3b00000, 0x00000000a3c00000|  0%| F|  |TAMS 0x00000000a3b00000, 0x00000000a3b00000| Untracked 
|  24|0x00000000a3c00000, 0x00000000a3c00000, 0x00000000a3d00000|  0%| F|  |TAMS 0x00000000a3c00000, 0x00000000a3c00000| Untracked 
|  25|0x00000000a3d00000, 0x00000000a3d00000, 0x00000000a3e00000|  0%| F|  |TAMS 0x00000000a3d00000, 0x00000000a3d00000| Untracked 
|  26|0x00000000a3e00000, 0x00000000a3e00000, 0x00000000a3f00000|  0%| F|  |TAMS 0x00000000a3e00000, 0x00000000a3e00000| Untracked 
|  27|0x00000000a3f00000, 0x00000000a3f00000, 0x00000000a4000000|  0%| F|  |TAMS 0x00000000a3f00000, 0x00000000a3f00000| Untracked 
|  28|0x00000000a4000000, 0x00000000a4000000, 0x00000000a4100000|  0%| F|  |TAMS 0x00000000a4000000, 0x00000000a4000000| Untracked 
|  29|0x00000000a4100000, 0x00000000a4100000, 0x00000000a4200000|  0%| F|  |TAMS 0x00000000a4100000, 0x00000000a4100000| Untracked 
|  30|0x00000000a4200000, 0x00000000a4200000, 0x00000000a4300000|  0%| F|  |TAMS 0x00000000a4200000, 0x00000000a4200000| Untracked 
|  31|0x00000000a4300000, 0x00000000a4300000, 0x00000000a4400000|  0%| F|  |TAMS 0x00000000a4300000, 0x00000000a4300000| Untracked 
|  32|0x00000000a4400000, 0x00000000a4400000, 0x00000000a4500000|  0%| F|  |TAMS 0x00000000a4400000, 0x00000000a4400000| Untracked 
|  33|0x00000000a4500000, 0x00000000a4500000, 0x00000000a4600000|  0%| F|  |TAMS 0x00000000a4500000, 0x00000000a4500000| Untracked 
|  34|0x00000000a4600000, 0x00000000a4600000, 0x00000000a4700000|  0%| F|  |TAMS 0x00000000a4600000, 0x00000000a4600000| Untracked 
|  35|0x00000000a4700000, 0x00000000a4700000, 0x00000000a4800000|  0%| F|  |TAMS 0x00000000a4700000, 0x00000000a4700000| Untracked 
|  36|0x00000000a4800000, 0x00000000a4800000, 0x00000000a4900000|  0%| F|  |TAMS 0x00000000a4800000, 0x00000000a4800000| Untracked 
|  37|0x00000000a4900000, 0x00000000a4900000, 0x00000000a4a00000|  0%| F|  |TAMS 0x00000000a4900000, 0x00000000a4900000| Untracked 
|  38|0x00000000a4a00000, 0x00000000a4a00000, 0x00000000a4b00000|  0%| F|  |TAMS 0x00000000a4a00000, 0x00000000a4a00000| Untracked 
|  39|0x00000000a4b00000, 0x00000000a4b00000, 0x00000000a4c00000|  0%| F|  |TAMS 0x00000000a4b00000, 0x00000000a4b00000| Untracked 
|  40|0x00000000a4c00000, 0x00000000a4c00000, 0x00000000a4d00000|  0%| F|  |TAMS 0x00000000a4c00000, 0x00000000a4c00000| Untracked 
|  41|0x00000000a4d00000, 0x00000000a4d00000, 0x00000000a4e00000|  0%| F|  |TAMS 0x00000000a4d00000, 0x00000000a4d00000| Untracked 
|  42|0x00000000a4e00000, 0x00000000a4e00000, 0x00000000a4f00000|  0%| F|  |TAMS 0x00000000a4e00000, 0x00000000a4e00000| Untracked 
|  43|0x00000000a4f00000, 0x00000000a4f00000, 0x00000000a5000000|  0%| F|  |TAMS 0x00000000a4f00000, 0x00000000a4f00000| Untracked 
|  44|0x00000000a5000000, 0x00000000a5000000, 0x00000000a5100000|  0%| F|  |TAMS 0x00000000a5000000, 0x00000000a5000000| Untracked 
|  45|0x00000000a5100000, 0x00000000a5100000, 0x00000000a5200000|  0%| F|  |TAMS 0x00000000a5100000, 0x00000000a5100000| Untracked 
|  46|0x00000000a5200000, 0x00000000a5200000, 0x00000000a5300000|  0%| F|  |TAMS 0x00000000a5200000, 0x00000000a5200000| Untracked 
|  47|0x00000000a5300000, 0x00000000a5300000, 0x00000000a5400000|  0%| F|  |TAMS 0x00000000a5300000, 0x00000000a5300000| Untracked 
|  48|0x00000000a5400000, 0x00000000a5400000, 0x00000000a5500000|  0%| F|  |TAMS 0x00000000a5400000, 0x00000000a5400000| Untracked 
|  49|0x00000000a5500000, 0x00000000a5500000, 0x00000000a5600000|  0%| F|  |TAMS 0x00000000a5500000, 0x00000000a5500000| Untracked 
|  50|0x00000000a5600000, 0x00000000a5600000, 0x00000000a5700000|  0%| F|  |TAMS 0x00000000a5600000, 0x00000000a5600000| Untracked 
|  51|0x00000000a5700000, 0x00000000a5700000, 0x00000000a5800000|  0%| F|  |TAMS 0x00000000a5700000, 0x00000000a5700000| Untracked 
|  52|0x00000000a5800000, 0x00000000a5800000, 0x00000000a5900000|  0%| F|  |TAMS 0x00000000a5800000, 0x00000000a5800000| Untracked 
|  53|0x00000000a5900000, 0x00000000a5900000, 0x00000000a5a00000|  0%| F|  |TAMS 0x00000000a5900000, 0x00000000a5900000| Untracked 
|  54|0x00000000a5a00000, 0x00000000a5a00000, 0x00000000a5b00000|  0%| F|  |TAMS 0x00000000a5a00000, 0x00000000a5a00000| Untracked 
|  55|0x00000000a5b00000, 0x00000000a5b00000, 0x00000000a5c00000|  0%| F|  |TAMS 0x00000000a5b00000, 0x00000000a5b00000| Untracked 
|  56|0x00000000a5c00000, 0x00000000a5c00000, 0x00000000a5d00000|  0%| F|  |TAMS 0x00000000a5c00000, 0x00000000a5c00000| Untracked 
|  57|0x00000000a5d00000, 0x00000000a5d00000, 0x00000000a5e00000|  0%| F|  |TAMS 0x00000000a5d00000, 0x00000000a5d00000| Untracked 
|  58|0x00000000a5e00000, 0x00000000a5e00000, 0x00000000a5f00000|  0%| F|  |TAMS 0x00000000a5e00000, 0x00000000a5e00000| Untracked 
|  59|0x00000000a5f00000, 0x00000000a5f00000, 0x00000000a6000000|  0%| F|  |TAMS 0x00000000a5f00000, 0x00000000a5f00000| Untracked 
|  60|0x00000000a6000000, 0x00000000a6000000, 0x00000000a6100000|  0%| F|  |TAMS 0x00000000a6000000, 0x00000000a6000000| Untracked 
|  61|0x00000000a6100000, 0x00000000a6100000, 0x00000000a6200000|  0%| F|  |TAMS 0x00000000a6100000, 0x00000000a6100000| Untracked 
|  62|0x00000000a6200000, 0x00000000a6200000, 0x00000000a6300000|  0%| F|  |TAMS 0x00000000a6200000, 0x00000000a6200000| Untracked 
|  63|0x00000000a6300000, 0x00000000a6300000, 0x00000000a6400000|  0%| F|  |TAMS 0x00000000a6300000, 0x00000000a6300000| Untracked 
|  64|0x00000000a6400000, 0x00000000a6400000, 0x00000000a6500000|  0%| F|  |TAMS 0x00000000a6400000, 0x00000000a6400000| Untracked 
|  65|0x00000000a6500000, 0x00000000a6500000, 0x00000000a6600000|  0%| F|  |TAMS 0x00000000a6500000, 0x00000000a6500000| Untracked 
|  66|0x00000000a6600000, 0x00000000a6700000, 0x00000000a6700000|100%| S|CS|TAMS 0x00000000a6600000, 0x00000000a6600000| Complete 
|  67|0x00000000a6700000, 0x00000000a6800000, 0x00000000a6800000|100%| S|CS|TAMS 0x00000000a6700000, 0x00000000a6700000| Complete 
|  68|0x00000000a6800000, 0x00000000a6900000, 0x00000000a6900000|100%| S|CS|TAMS 0x00000000a6800000, 0x00000000a6800000| Complete 
|  69|0x00000000a6900000, 0x00000000a6900000, 0x00000000a6a00000|  0%| F|  |TAMS 0x00000000a6900000, 0x00000000a6900000| Untracked 
|  70|0x00000000a6a00000, 0x00000000a6a00000, 0x00000000a6b00000|  0%| F|  |TAMS 0x00000000a6a00000, 0x00000000a6a00000| Untracked 
|  71|0x00000000a6b00000, 0x00000000a6b00000, 0x00000000a6c00000|  0%| F|  |TAMS 0x00000000a6b00000, 0x00000000a6b00000| Untracked 
|  72|0x00000000a6c00000, 0x00000000a6c00000, 0x00000000a6d00000|  0%| F|  |TAMS 0x00000000a6c00000, 0x00000000a6c00000| Untracked 
|  73|0x00000000a6d00000, 0x00000000a6d00000, 0x00000000a6e00000|  0%| F|  |TAMS 0x00000000a6d00000, 0x00000000a6d00000| Untracked 
|  74|0x00000000a6e00000, 0x00000000a6e00000, 0x00000000a6f00000|  0%| F|  |TAMS 0x00000000a6e00000, 0x00000000a6e00000| Untracked 
|  75|0x00000000a6f00000, 0x00000000a6f00000, 0x00000000a7000000|  0%| F|  |TAMS 0x00000000a6f00000, 0x00000000a6f00000| Untracked 
|  76|0x00000000a7000000, 0x00000000a7000000, 0x00000000a7100000|  0%| F|  |TAMS 0x00000000a7000000, 0x00000000a7000000| Untracked 
|  77|0x00000000a7100000, 0x00000000a7100000, 0x00000000a7200000|  0%| F|  |TAMS 0x00000000a7100000, 0x00000000a7100000| Untracked 
|  78|0x00000000a7200000, 0x00000000a7200000, 0x00000000a7300000|  0%| F|  |TAMS 0x00000000a7200000, 0x00000000a7200000| Untracked 
|  79|0x00000000a7300000, 0x00000000a7300000, 0x00000000a7400000|  0%| F|  |TAMS 0x00000000a7300000, 0x00000000a7300000| Untracked 
|  80|0x00000000a7400000, 0x00000000a7400000, 0x00000000a7500000|  0%| F|  |TAMS 0x00000000a7400000, 0x00000000a7400000| Untracked 
|  81|0x00000000a7500000, 0x00000000a7500000, 0x00000000a7600000|  0%| F|  |TAMS 0x00000000a7500000, 0x00000000a7500000| Untracked 
|  82|0x00000000a7600000, 0x00000000a7600000, 0x00000000a7700000|  0%| F|  |TAMS 0x00000000a7600000, 0x00000000a7600000| Untracked 
|  83|0x00000000a7700000, 0x00000000a7700000, 0x00000000a7800000|  0%| F|  |TAMS 0x00000000a7700000, 0x00000000a7700000| Untracked 
|  84|0x00000000a7800000, 0x00000000a7800000, 0x00000000a7900000|  0%| F|  |TAMS 0x00000000a7800000, 0x00000000a7800000| Untracked 
|  85|0x00000000a7900000, 0x00000000a7900000, 0x00000000a7a00000|  0%| F|  |TAMS 0x00000000a7900000, 0x00000000a7900000| Untracked 
|  86|0x00000000a7a00000, 0x00000000a7a00000, 0x00000000a7b00000|  0%| F|  |TAMS 0x00000000a7a00000, 0x00000000a7a00000| Untracked 
|  87|0x00000000a7b00000, 0x00000000a7b00000, 0x00000000a7c00000|  0%| F|  |TAMS 0x00000000a7b00000, 0x00000000a7b00000| Untracked 
|  88|0x00000000a7c00000, 0x00000000a7c00000, 0x00000000a7d00000|  0%| F|  |TAMS 0x00000000a7c00000, 0x00000000a7c00000| Untracked 
|  89|0x00000000a7d00000, 0x00000000a7d00000, 0x00000000a7e00000|  0%| F|  |TAMS 0x00000000a7d00000, 0x00000000a7d00000| Untracked 
|  90|0x00000000a7e00000, 0x00000000a7e00000, 0x00000000a7f00000|  0%| F|  |TAMS 0x00000000a7e00000, 0x00000000a7e00000| Untracked 
|  91|0x00000000a7f00000, 0x00000000a7f00000, 0x00000000a8000000|  0%| F|  |TAMS 0x00000000a7f00000, 0x00000000a7f00000| Untracked 
|  92|0x00000000a8000000, 0x00000000a8000000, 0x00000000a8100000|  0%| F|  |TAMS 0x00000000a8000000, 0x00000000a8000000| Untracked 
|  93|0x00000000a8100000, 0x00000000a8100000, 0x00000000a8200000|  0%| F|  |TAMS 0x00000000a8100000, 0x00000000a8100000| Untracked 

Card table byte_map: [0x000001ebcef20000,0x000001ebcf210000] _byte_map_base: 0x000001ebcea0e000

Marking Bits (Prev, Next): (CMBitMap*) 0x000001ebb6f1b600, (CMBitMap*) 0x000001ebb6f1b5c8
 Prev Bits: [0x000001ebd0c70000, 0x000001ebd23e0000)
 Next Bits: [0x000001ebcf500000, 0x000001ebd0c70000)

Polling page: 0x000001ebb4d20000

Metaspace:

Usage:
  Non-class:     21.66 MB capacity,    21.33 MB ( 98%) used,   271.80 KB (  1%) free+waste,    69.31 KB ( <1%) overhead. 
      Class:      2.90 MB capacity,     2.65 MB ( 91%) used,   223.99 KB (  8%) free+waste,    32.94 KB (  1%) overhead. 
       Both:     24.56 MB capacity,    23.98 MB ( 98%) used,   495.79 KB (  2%) free+waste,   102.25 KB ( <1%) overhead. 

Virtual space:
  Non-class space:       30.00 MB reserved,      21.67 MB ( 72%) committed 
      Class space:        1.00 GB reserved,       3.00 MB ( <1%) committed 
             Both:        1.03 GB reserved,      24.67 MB (  2%) committed 

Chunk freelists:
   Non-Class:  1.00 KB
       Class:  1.25 KB
        Both:  2.25 KB

CodeHeap 'non-profiled nmethods': size=119168Kb used=803Kb max_used=803Kb free=118364Kb
 bounds [0x000001ebc6f40000, 0x000001ebc71b0000, 0x000001ebce3a0000]
CodeHeap 'profiled nmethods': size=119168Kb used=4819Kb max_used=4819Kb free=114348Kb
 bounds [0x000001ebbfae0000, 0x000001ebbffa0000, 0x000001ebc6f40000]
CodeHeap 'non-nmethods': size=7424Kb used=2318Kb max_used=2340Kb free=5105Kb
 bounds [0x000001ebbf3a0000, 0x000001ebbf610000, 0x000001ebbfae0000]
 total_blobs=2730 nmethods=2301 adapters=346
 compilation: enabled
              stopped_count=0, restarted_count=0
 full_count=0

Compilation events (10 events):
Event: 4.627 Thread 0x000001ebd6569800 nmethod 2298 0x000001ebbff8ee90 code [0x000001ebbff8f040, 0x000001ebbff8f178]
Event: 4.627 Thread 0x000001ebd53ac000 nmethod 2299 0x000001ebbff8f290 code [0x000001ebbff8f460, 0x000001ebbff8f7c8]
Event: 4.628 Thread 0x000001ebd71d1800 2300       3       java.nio.CharBuffer::arrayOffset (35 bytes)
Event: 4.628 Thread 0x000001ebd71d1800 nmethod 2300 0x000001ebbff8f890 code [0x000001ebbff8fa60, 0x000001ebbff8fd38]
Event: 4.628 Thread 0x000001ebd6569800 2301   !   3       org.springframework.util.ClassUtils::forName (247 bytes)
Event: 4.628 Thread 0x000001ebd53ac000 2302       3       org.springframework.util.ClassUtils::resolvePrimitiveClassName (30 bytes)
Event: 4.628 Thread 0x000001ebd71d1800 2303       3       org.springframework.core.type.AnnotatedTypeMetadata::isAnnotated (13 bytes)
Event: 4.628 Thread 0x000001ebd71d1800 nmethod 2303 0x000001ebbff8fe90 code [0x000001ebbff90040, 0x000001ebbff902d8]
Event: 4.629 Thread 0x000001ebd53ac000 nmethod 2302 0x000001ebbff90390 code [0x000001ebbff90580, 0x000001ebbff90b58]
Event: 4.630 Thread 0x000001ebd6569800 nmethod 2301 0x000001ebbff90d90 code [0x000001ebbff91340, 0x000001ebbff93c48]

GC Heap History (6 events):
Event: 3.547 GC heap before
{Heap before GC invocations=0 (full 0):
 garbage-first heap   total 96256K, used 24576K [0x00000000a2400000, 0x0000000100000000)
  region size 1024K, 24 young (24576K), 0 survivors (0K)
 Metaspace       used 11019K, capacity 11196K, committed 11392K, reserved 1058816K
  class space    used 1039K, capacity 1074K, committed 1152K, reserved 1048576K
}
Event: 3.553 GC heap after
{Heap after GC invocations=1 (full 0):
 garbage-first heap   total 96256K, used 7363K [0x00000000a2400000, 0x0000000100000000)
  region size 1024K, 3 young (3072K), 3 survivors (3072K)
 Metaspace       used 11019K, capacity 11196K, committed 11392K, reserved 1058816K
  class space    used 1039K, capacity 1074K, committed 1152K, reserved 1048576K
}
Event: 4.170 GC heap before
{Heap before GC invocations=1 (full 0):
 garbage-first heap   total 96256K, used 50371K [0x00000000a2400000, 0x0000000100000000)
  region size 1024K, 46 young (47104K), 3 survivors (3072K)
 Metaspace       used 20695K, capacity 21189K, committed 21296K, reserved 1069056K
  class space    used 2201K, capacity 2415K, committed 2432K, reserved 1048576K
}
Event: 4.179 GC heap after
{Heap after GC invocations=2 (full 0):
 garbage-first heap   total 96256K, used 9474K [0x00000000a2400000, 0x0000000100000000)
  region size 1024K, 6 young (6144K), 6 survivors (6144K)
 Metaspace       used 20695K, capacity 21189K, committed 21296K, reserved 1069056K
  class space    used 2201K, capacity 2415K, committed 2432K, reserved 1048576K
}
Event: 4.655 GC heap before
{Heap before GC invocations=3 (full 0):
 garbage-first heap   total 96256K, used 34050K [0x00000000a2400000, 0x0000000100000000)
  region size 1024K, 31 young (31744K), 6 survivors (6144K)
 Metaspace       used 24551K, capacity 25150K, committed 25264K, reserved 1077248K
  class space    used 2709K, capacity 2966K, committed 3072K, reserved 1048576K
}
Event: 4.662 GC heap after
{Heap after GC invocations=4 (full 0):
 garbage-first heap   total 96256K, used 10224K [0x00000000a2400000, 0x0000000100000000)
  region size 1024K, 3 young (3072K), 3 survivors (3072K)
 Metaspace       used 24551K, capacity 25150K, committed 25264K, reserved 1077248K
  class space    used 2709K, capacity 2966K, committed 3072K, reserved 1048576K
}

Deoptimization events (10 events):
Event: 3.830 Thread 0x000001ebb6ee5000 Uncommon trap: reason=bimorphic_or_optimized_type_check action=maybe_recompile pc=0x000001ebc6f91cdc method=java.util.HashMap.putVal(ILjava/lang/Object;Ljava/lang/Object;ZZ)Ljava/lang/Object; @ 91 c2
Event: 3.936 Thread 0x000001ebb6ee5000 Uncommon trap: reason=unstable_if action=reinterpret pc=0x000001ebc6fa82c0 method=java.util.concurrent.ConcurrentHashMap.putVal(Ljava/lang/Object;Ljava/lang/Object;Z)Ljava/lang/Object; @ 148 c2
Event: 4.127 Thread 0x000001ebb6ee5000 Uncommon trap: reason=unstable_if action=reinterpret pc=0x000001ebc6fb66dc method=java.util.HashMap.getNode(ILjava/lang/Object;)Ljava/util/HashMap$Node; @ 129 c2
Event: 4.127 Thread 0x000001ebb6ee5000 Uncommon trap: reason=unstable_if action=reinterpret pc=0x000001ebc6fb8050 method=java.util.HashMap.getNode(ILjava/lang/Object;)Ljava/util/HashMap$Node; @ 129 c2
Event: 4.316 Thread 0x000001ebb6ee5000 Uncommon trap: reason=unstable_if action=reinterpret pc=0x000001ebc6fdf5e0 method=java.util.concurrent.ConcurrentHashMap.addCount(JI)V @ 168 c2
Event: 4.330 Thread 0x000001ebb6ee5000 Uncommon trap: reason=unstable_if action=reinterpret pc=0x000001ebc6f942b4 method=java.util.concurrent.ConcurrentHashMap.get(Ljava/lang/Object;)Ljava/lang/Object; @ 76 c2
Event: 4.368 Thread 0x000001ebb6ee5000 Uncommon trap: reason=unstable_if action=reinterpret pc=0x000001ebc6f8b4f8 method=java.io.WinNTFileSystem.normalize(Ljava/lang/String;)Ljava/lang/String; @ 128 c2
Event: 4.368 Thread 0x000001ebb6ee5000 Uncommon trap: reason=unstable_if action=reinterpret pc=0x000001ebc6f6440c method=java.util.zip.ZipFile$Source.getEntryPos([BZ)I @ 156 c2
Event: 4.379 Thread 0x000001ebd7359800 Uncommon trap: reason=unstable_if action=reinterpret pc=0x000001ebc6fac86c method=jdk.internal.org.objectweb.asm.Type.getArgumentsAndReturnSizes(Ljava/lang/String;)I @ 47 c2
Event: 4.585 Thread 0x000001ebb6ee5000 Uncommon trap: reason=class_check action=maybe_recompile pc=0x000001ebc700213c method=java.util.HashMap.putVal(ILjava/lang/Object;Ljava/lang/Object;ZZ)Ljava/lang/Object; @ 203 c2

Classes redefined (0 events):
No events

Internal exceptions (10 events):
Event: 4.340 Thread 0x000001ebb6ee5000 Exception <a 'java/lang/ClassNotFoundException'{0x00000000a764ea18}: org/springframework/beans/factory/BeanClassLoaderAwareCustomizer> (0x00000000a764ea18) thrown at [./open/src/hotspot/share/classfile/systemDictionary.cpp, line 228]
Event: 4.341 Thread 0x000001ebb6ee5000 Exception <a 'java/lang/ClassNotFoundException'{0x00000000a765ba68}: org/springframework/beans/factory/AwareCustomizer> (0x00000000a765ba68) thrown at [./open/src/hotspot/share/classfile/systemDictionary.cpp, line 228]
Event: 4.341 Thread 0x000001ebb6ee5000 Exception <a 'java/lang/ClassNotFoundException'{0x00000000a76684b0}: org/springframework/context/EnvironmentAwareCustomizer> (0x00000000a76684b0) thrown at [./open/src/hotspot/share/classfile/systemDictionary.cpp, line 228]
Event: 4.341 Thread 0x000001ebb6ee5000 Exception <a 'java/lang/ClassNotFoundException'{0x00000000a7675478}: org/springframework/beans/factory/AwareCustomizer> (0x00000000a7675478) thrown at [./open/src/hotspot/share/classfile/systemDictionary.cpp, line 228]
Event: 4.379 Thread 0x000001ebd7359800 Exception <a 'java/lang/NoSuchMethodError'{0x00000000a7141a80}: java.lang.invoke.DirectMethodHandle$Holder.invokeSpecial(Ljava/lang/Object;Ljava/lang/Object;)J> (0x00000000a7141a80) thrown at [./open/src/hotspot/share/interpreter/linkResolver.cpp, line 77
Event: 4.381 Thread 0x000001ebd7359800 Exception <a 'java/lang/NoSuchMethodError'{0x00000000a714c2f8}: java.lang.invoke.DirectMethodHandle$Holder.invokeStatic(Ljava/lang/Object;Ljava/lang/Object;)J> (0x00000000a714c2f8) thrown at [./open/src/hotspot/share/interpreter/linkResolver.cpp, line 772
Event: 4.381 Thread 0x000001ebd7359800 Exception <a 'java/lang/NoSuchMethodError'{0x00000000a714f120}: java.lang.invoke.DirectMethodHandle$Holder.invokeStaticInit(Ljava/lang/Object;Ljava/lang/Object;)J> (0x00000000a714f120) thrown at [./open/src/hotspot/share/interpreter/linkResolver.cpp, line
Event: 4.383 Thread 0x000001ebd7359800 Exception <a 'java/lang/NoSuchMethodError'{0x00000000a715b5e0}: java.lang.invoke.DirectMethodHandle$Holder.invokeInterface(Ljava/lang/Object;Ljava/lang/Object;)J> (0x00000000a715b5e0) thrown at [./open/src/hotspot/share/interpreter/linkResolver.cpp, line 
Event: 4.383 Thread 0x000001ebd7359800 Exception <a 'java/lang/IncompatibleClassChangeError'{0x00000000a715e378}: Found class java.lang.Object, but interface was expected> (0x00000000a715e378) thrown at [./open/src/hotspot/share/interpreter/linkResolver.cpp, line 838]
Event: 4.393 Thread 0x000001ebd7359800 Exception <a 'java/lang/NoSuchMethodError'{0x00000000a70a28f0}: java.lang.invoke.DirectMethodHandle$Holder.invokeVirtual(Ljava/lang/Object;Ljava/lang/Object;Ljava/lang/Object;Ljava/lang/Object;)Ljava/lang/Object;> (0x00000000a70a28f0) thrown at [./open/sr

Events (10 events):
Event: 4.633 loading class org/springframework/boot/autoconfigure/condition/OnBeanCondition done
Event: 4.639 loading class org/springframework/context/annotation/ConfigurationCondition
Event: 4.639 loading class org/springframework/context/annotation/ConfigurationCondition done
Event: 4.640 loading class org/springframework/boot/autoconfigure/condition/FilteringSpringBootCondition
Event: 4.640 loading class org/springframework/boot/autoconfigure/condition/FilteringSpringBootCondition done
Event: 4.641 loading class org/springframework/boot/autoconfigure/condition/SpringBootCondition
Event: 4.641 loading class org/springframework/boot/autoconfigure/condition/SpringBootCondition done
Event: 4.649 loading class org/springframework/boot/autoconfigure/condition/OnBeanCondition$Spec
Event: 4.649 loading class org/springframework/boot/autoconfigure/condition/OnBeanCondition$Spec done
Event: 4.654 Executing VM operation: CollectForMetadataAllocation


Dynamic libraries:
0x00007ff675d60000 - 0x00007ff675d6f000 	C:\Program Files\Java\jdk-11.0.12\bin\java.exe
0x00007ffb1e4b0000 - 0x00007ffb1e6a8000 	C:\Windows\SYSTEM32\ntdll.dll
0x00007ffb1c6a0000 - 0x00007ffb1c75f000 	C:\Windows\System32\KERNEL32.DLL
0x00007ffb1bcb0000 - 0x00007ffb1bf82000 	C:\Windows\System32\KERNELBASE.dll
0x00007ffb1c180000 - 0x00007ffb1c280000 	C:\Windows\System32\ucrtbase.dll
0x00007ffaf2410000 - 0x00007ffaf2425000 	C:\Program Files\Java\jdk-11.0.12\bin\VCRUNTIME140.dll
0x00007ffaf1f90000 - 0x00007ffaf1fa8000 	C:\Program Files\Java\jdk-11.0.12\bin\jli.dll
0x00007ffb1dec0000 - 0x00007ffb1df6e000 	C:\Windows\System32\ADVAPI32.dll
0x00007ffb1cd10000 - 0x00007ffb1cdae000 	C:\Windows\System32\msvcrt.dll
0x00007ffb1c950000 - 0x00007ffb1c9ec000 	C:\Windows\System32\sechost.dll
0x00007ffb1c500000 - 0x00007ffb1c625000 	C:\Windows\System32\RPCRT4.dll
0x00007ffb1e2d0000 - 0x00007ffb1e46d000 	C:\Windows\System32\USER32.dll
0x00007ffb0a380000 - 0x00007ffb0a61a000 	C:\Windows\WinSxS\amd64_microsoft.windows.common-controls_6595b64144ccf1df_6.0.19041.1110_none_60b5254171f9507e\COMCTL32.dll
0x00007ffb1c040000 - 0x00007ffb1c062000 	C:\Windows\System32\win32u.dll
0x00007ffb1df70000 - 0x00007ffb1df9b000 	C:\Windows\System32\GDI32.dll
0x00007ffb1c070000 - 0x00007ffb1c17f000 	C:\Windows\System32\gdi32full.dll
0x00007ffb1c460000 - 0x00007ffb1c4fd000 	C:\Windows\System32\msvcp_win.dll
0x00007ffb14b20000 - 0x00007ffb14b2a000 	C:\Windows\SYSTEM32\VERSION.dll
0x00007ffb1de80000 - 0x00007ffb1deb2000 	C:\Windows\System32\IMM32.DLL
0x00007ffaf0360000 - 0x00007ffaf03fb000 	C:\Program Files\Java\jdk-11.0.12\bin\msvcp140.dll
0x00007ffac7d30000 - 0x00007ffac882f000 	C:\Program Files\Java\jdk-11.0.12\bin\server\jvm.dll
0x00007ffb1ddf0000 - 0x00007ffb1ddf8000 	C:\Windows\System32\PSAPI.DLL
0x00007ffaffb10000 - 0x00007ffaffb19000 	C:\Windows\SYSTEM32\WSOCK32.dll
0x00007ffb131d0000 - 0x00007ffb131f7000 	C:\Windows\SYSTEM32\WINMM.dll
0x00007ffb1c630000 - 0x00007ffb1c69b000 	C:\Windows\System32\WS2_32.dll
0x00007ffb19c10000 - 0x00007ffb19c22000 	C:\Windows\SYSTEM32\kernel.appcore.dll
0x00007ffaffad0000 - 0x00007ffaffae0000 	C:\Program Files\Java\jdk-11.0.12\bin\verify.dll
0x00007ffb19890000 - 0x00007ffb19a74000 	C:\Windows\SYSTEM32\DBGHELP.DLL
0x00007ffb061a0000 - 0x00007ffb061cc000 	C:\Windows\SYSTEM32\dbgcore.DLL
0x00007ffb1bc20000 - 0x00007ffb1bca2000 	C:\Windows\System32\bcryptPrimitives.dll
0x00007ffaf1680000 - 0x00007ffaf16a8000 	C:\Program Files\Java\jdk-11.0.12\bin\java.dll
0x00007ffaffaa0000 - 0x00007ffaffaaa000 	C:\Program Files\Java\jdk-11.0.12\bin\jimage.dll
0x00007ffaf0f80000 - 0x00007ffaf0fb8000 	C:\Program Files\Java\jdk-11.0.12\bin\jdwp.dll
0x00007ffaf7b50000 - 0x00007ffaf7b5e000 	C:\Program Files\Java\jdk-11.0.12\bin\instrument.dll
0x00007ffaf1660000 - 0x00007ffaf1676000 	C:\Program Files\Java\jdk-11.0.12\bin\zip.dll
0x00007ffb1d2c0000 - 0x00007ffb1da03000 	C:\Windows\System32\SHELL32.dll
0x00007ffb19c30000 - 0x00007ffb1a3c2000 	C:\Windows\SYSTEM32\windows.storage.dll
0x00007ffb1da90000 - 0x00007ffb1dde4000 	C:\Windows\System32\combase.dll
0x00007ffb1b610000 - 0x00007ffb1b640000 	C:\Windows\SYSTEM32\Wldp.dll
0x00007ffb1cbf0000 - 0x00007ffb1cc9d000 	C:\Windows\System32\SHCORE.dll
0x00007ffb1c7c0000 - 0x00007ffb1c815000 	C:\Windows\System32\shlwapi.dll
0x00007ffb1baf0000 - 0x00007ffb1bb0f000 	C:\Windows\SYSTEM32\profapi.dll
0x00007ffaf7280000 - 0x00007ffaf728a000 	C:\Program Files\Java\jdk-11.0.12\bin\dt_socket.dll
0x00007ffb1b2b0000 - 0x00007ffb1b31a000 	C:\Windows\system32\mswsock.dll
0x00007ffaf1020000 - 0x00007ffaf1039000 	C:\Program Files\Java\jdk-11.0.12\bin\net.dll
0x00007ffb0f060000 - 0x00007ffb0f16c000 	C:\Windows\SYSTEM32\WINHTTP.dll
0x00007ffaf1000000 - 0x00007ffaf1012000 	C:\Program Files\Java\jdk-11.0.12\bin\nio.dll
0x00007ffafba40000 - 0x00007ffafba49000 	C:\Program Files\Java\jdk-11.0.12\bin\management.dll
0x00007ffaf8790000 - 0x00007ffaf879b000 	C:\Program Files\Java\jdk-11.0.12\bin\management_ext.dll
0x00007ffaf8040000 - 0x00007ffaf8057000 	C:\Windows\system32\napinsp.dll
0x00007ffaf8020000 - 0x00007ffaf803b000 	C:\Windows\system32\pnrpnsp.dll
0x00007ffb16960000 - 0x00007ffb16975000 	C:\Windows\system32\wshbth.dll
0x00007ffb17060000 - 0x00007ffb1707d000 	C:\Windows\system32\NLAapi.dll
0x00007ffb1afb0000 - 0x00007ffb1afeb000 	C:\Windows\SYSTEM32\IPHLPAPI.DLL
0x00007ffb1aff0000 - 0x00007ffb1b0ba000 	C:\Windows\SYSTEM32\DNSAPI.dll
0x00007ffb1cd00000 - 0x00007ffb1cd08000 	C:\Windows\System32\NSI.dll
0x00007ffaf8000000 - 0x00007ffaf8012000 	C:\Windows\System32\winrnr.dll
0x000000006caa0000 - 0x000000006cac6000 	C:\Program Files\Bonjour\mdnsNSP.dll
0x00007ffb0d550000 - 0x00007ffb0d55a000 	C:\Windows\System32\rasadhlp.dll
0x00007ffb0d060000 - 0x00007ffb0d0e0000 	C:\Windows\System32\fwpuclnt.dll
0x00007ffb1c430000 - 0x00007ffb1c457000 	C:\Windows\System32\bcrypt.dll

dbghelp: loaded successfully - version: 4.0.5 - missing functions: none
symbol engine: initialized successfully - sym options: 0x614 - pdb path: .;C:\Program Files\Java\jdk-11.0.12\bin;C:\Windows\SYSTEM32;C:\Windows\WinSxS\amd64_microsoft.windows.common-controls_6595b64144ccf1df_6.0.19041.1110_none_60b5254171f9507e;C:\Program Files\Java\jdk-11.0.12\bin\server;C:\Program Files\Bonjour

VM Arguments:
jvm_args: -agentlib:jdwp=transport=dt_socket,address=127.0.0.1:64318,suspend=y,server=n -javaagent:C:\Users\david\AppData\Local\JetBrains\IdeaIE2021.2\captureAgent\debugger-agent.jar -Dfile.encoding=UTF-8 
java_command: com.marcos.cuadros.CuadrosApplication
java_class_path (initial): C:\Users\david\Documents\Universidad\Tesis Nueva Version\backend\cuadros\target\classes;C:\Users\david\.m2\repository\org\springframework\boot\spring-boot-starter-web\2.5.2\spring-boot-starter-web-2.5.2.jar;C:\Users\david\.m2\repository\org\springframework\boot\spring-boot-starter\2.5.2\spring-boot-starter-2.5.2.jar;C:\Users\david\.m2\repository\org\springframework\boot\spring-boot\2.5.2\spring-boot-2.5.2.jar;C:\Users\david\.m2\repository\org\springframework\boot\spring-boot-autoconfigure\2.5.2\spring-boot-autoconfigure-2.5.2.jar;C:\Users\david\.m2\repository\org\springframework\boot\spring-boot-starter-logging\2.5.2\spring-boot-starter-logging-2.5.2.jar;C:\Users\david\.m2\repository\ch\qos\logback\logback-classic\1.2.3\logback-classic-1.2.3.jar;C:\Users\david\.m2\repository\ch\qos\logback\logback-core\1.2.3\logback-core-1.2.3.jar;C:\Users\david\.m2\repository\org\apache\logging\log4j\log4j-to-slf4j\2.14.1\log4j-to-slf4j-2.14.1.jar;C:\Users\david\.m2\repository\org\apache\logging\log4j\log4j-api\2.14.1\log4j-api-2.14.1.jar;C:\Users\david\.m2\repository\org\slf4j\jul-to-slf4j\1.7.31\jul-to-slf4j-1.7.31.jar;C:\Users\david\.m2\repository\jakarta\annotation\jakarta.annotation-api\1.3.5\jakarta.annotation-api-1.3.5.jar;C:\Users\david\.m2\repository\org\yaml\snakeyaml\1.28\snakeyaml-1.28.jar;C:\Users\david\.m2\repository\org\springframework\boot\spring-boot-starter-json\2.5.2\spring-boot-starter-json-2.5.2.jar;C:\Users\david\.m2\repository\com\fasterxml\jackson\datatype\jackson-datatype-jdk8\2.12.3\jackson-datatype-jdk8-2.12.3.jar;C:\Users\david\.m2\repository\com\fasterxml\jackson\datatype\jackson-datatype-jsr310\2.12.3\jackson-datatype-jsr310-2.12.3.jar;C:\Users\david\.m2\repository\com\fasterxml\jackson\module\jackson-module-parameter-names\2.12.3\jackson-module-parameter-names-2.12.3.jar;C:\Users\david\.m2\repository\org\springframework\boot\spring-boot-starter-tomcat\2.5.2\spring-boot-starter-tomcat-2.5.2.jar;C:\Users\david\.m2\repository
Launcher Type: SUN_STANDARD

[Global flags]
     intx CICompilerCount                          = 12                                        {product} {ergonomic}
     uint ConcGCThreads                            = 3                                         {product} {ergonomic}
     uint G1ConcRefinementThreads                  = 13                                        {product} {ergonomic}
   size_t G1HeapRegionSize                         = 1048576                                   {product} {ergonomic}
    uintx GCDrainStackTargetSize                   = 64                                        {product} {ergonomic}
   size_t InitialHeapSize                          = 98566144                                  {product} {ergonomic}
   size_t MarkStackSize                            = 4194304                                   {product} {ergonomic}
   size_t MaxHeapSize                              = 1572864000                                {product} {ergonomic}
   size_t MaxNewSize                               = 943718400                                 {product} {ergonomic}
   size_t MinHeapDeltaBytes                        = 1048576                                   {product} {ergonomic}
    uintx NonNMethodCodeHeapSize                   = 7594288                                {pd product} {ergonomic}
    uintx NonProfiledCodeHeapSize                  = 122031976                              {pd product} {ergonomic}
    uintx ProfiledCodeHeapSize                     = 122031976                              {pd product} {ergonomic}
    uintx ReservedCodeCacheSize                    = 251658240                              {pd product} {ergonomic}
     bool SegmentedCodeCache                       = true                                      {product} {ergonomic}
     bool UseCompressedClassPointers               = true                                 {lp64_product} {ergonomic}
     bool UseCompressedOops                        = true                                 {lp64_product} {ergonomic}
     bool UseG1GC                                  = true                                      {product} {ergonomic}
     bool UseLargePagesIndividualAllocation        = false                                  {pd product} {ergonomic}

Logging:
Log output configuration:
 #0: stdout all=warning uptime,level,tags
 #1: stderr all=off uptime,level,tags

Environment Variables:
PATH=C:\Program Files\Common Files\Oracle\Java\javapath;C:\Windows\system32;C:\Windows;C:\Windows\System32\Wbem;C:\Windows\System32\WindowsPowerShell\v1.0\;C:\Windows\System32\OpenSSH\;C:\Program Files (x86)\NVIDIA Corporation\PhysX\Common;C:\Program Files\NVIDIA Corporation\NVIDIA NvDLISR;C:\Program Files\PuTTY\;C:\Program Files\nodejs\;C:\Program Files\Git\cmd;C:\Program Files\Docker\Docker\resources\bin;C:\ProgramData\DockerDesktop\version-bin;C:\Program Files\Amazon\AWSCLIV2\;C:\Program Files\MySQL\MySQL Shell 8.0\bin\;C:\Users\david\anaconda3;C:\Users\david\anaconda3\Library\mingw-w64\bin;C:\Users\david\anaconda3\Library\usr\bin;C:\Users\david\anaconda3\Library\bin;C:\Users\david\anaconda3\Scripts;C:\Users\david\AppData\Local\Microsoft\WindowsApps;C:\Users\david\AppData\Local\Programs\Microsoft VS Code\bin;C:\Program Files\JetBrains\IntelliJ IDEA Educational Edition 2021.2\bin;;C:\Users\david\AppData\Local\JetBrains\PyCharm 2021.2.2\bin;;C:\Users\david\AppData\Roaming\npm;C:\Users\david\apps\apache-maven-3.8.3-bin\apache-maven-3.8.3\bin;;C:\Program Files\JetBrains\DataGrip 2021.3.4\bin;;C:\Program Files\JetBrains\WebStorm 2021.3.3\bin;
USERNAME=david
OS=Windows_NT
PROCESSOR_IDENTIFIER=AMD64 Family 25 Model 80 Stepping 0, AuthenticAMD



---------------  S Y S T E M  ---------------

OS: Windows 10 , 64 bit Build 19041 (10.0.19041.2251)
Hyper-V role detected

CPU:total 16 (initial active 16) (16 cores per cpu, 2 threads per core) family 25 model 80 stepping 0 microcode 0x0, cmov, cx8, fxsr, mmx, sse, sse2, sse3, ssse3, sse4.1, sse4.2, popcnt, avx, avx2, aes, clmul, erms, mmxext, 3dnowpref, lzcnt, sse4a, ht, tsc, tscinvbit, tscinv, bmi1, bmi2,

Memory: 4k page, system-wide physical 5996M (295M free)
TotalPageFile size 24428M (AvailPageFile size 34M)
current process WorkingSet (physical memory assigned to process): 134M, peak: 134M
current process commit charge ("private bytes"): 222M, peak: 223M

vm_info: Java HotSpot(TM) 64-Bit Server VM (11.0.12+8-LTS-237) for windows-amd64 JRE (11.0.12+8-LTS-237), built on Jun  8 2021 11:25:59 by "mach5one" with MS VC++ 15.9 (VS2017)

END.
